<?xml version="1.0" encoding="UTF-8"?>
<!-- Generated by org.testng.reporters.JUnitXMLReporter -->
<testsuite ignored="0" hostname="Aryan.local" failures="0" tests="10" name="Default test" time="20.505" errors="0" timestamp="2025-10-29T14:54:38 IST">
  <testcase classname="com.Telecom.ContactApplication" name="testAddNewUser" time="4.671"/>
  <testcase classname="com.Telecom.ContactApplication" name="testGetUserProfile" time="1.839"/>
  <testcase classname="com.Telecom.ContactApplication" name="testUpdateUser" time="1.831"/>
  <testcase classname="com.Telecom.ContactApplication" name="testLoginUser" time="1.766"/>
  <testcase classname="com.Telecom.ContactApplication" name="testAddContact" time="1.733"/>
  <testcase classname="com.Telecom.ContactApplication" name="testGetContactList" time="1.607"/>
  <testcase classname="com.Telecom.ContactApplication" name="testGetContactAsPerId" time="1.925"/>
  <testcase classname="com.Telecom.ContactApplication" name="testUpadteContact" time="1.662"/>
  <testcase classname="com.Telecom.ContactApplication" name="testPartialUpdateContact" time="1.743"/>
  <testcase classname="com.Telecom.ContactApplication" name="testLogOutUser" time="1.605"/>
</testsuite> <!-- Default test -->
