<?xml version="1.0" encoding="UTF-8"?>
<!-- Generated by org.testng.reporters.JUnitReportReporter -->
<testsuite hostname="Aryan.local" failures="0" tests="10" name="com.Telecom.ContactApplication" time="20.382" errors="0" timestamp="2025-10-29T14:54:38 IST" skipped="0">
  <testcase classname="com.Telecom.ContactApplication" name="testAddNewUser" time="4.671"/>
  <system-out/>
  <testcase classname="com.Telecom.ContactApplication" name="testGetUserProfile" time="1.839"/>
  <system-out/>
  <testcase classname="com.Telecom.ContactApplication" name="testUpdateUser" time="1.831"/>
  <system-out/>
  <testcase classname="com.Telecom.ContactApplication" name="testLoginUser" time="1.766"/>
  <system-out/>
  <testcase classname="com.Telecom.ContactApplication" name="testAddContact" time="1.733"/>
  <system-out/>
  <testcase classname="com.Telecom.ContactApplication" name="testGetContactList" time="1.607"/>
  <system-out/>
  <testcase classname="com.Telecom.ContactApplication" name="testGetContactAsPerId" time="1.925"/>
  <system-out/>
  <testcase classname="com.Telecom.ContactApplication" name="testUpadteContact" time="1.662"/>
  <system-out/>
  <testcase classname="com.Telecom.ContactApplication" name="testPartialUpdateContact" time="1.743"/>
  <system-out/>
  <testcase classname="com.Telecom.ContactApplication" name="testLogOutUser" time="1.605"/>
  <system-out/>
</testsuite> <!-- com.Telecom.ContactApplication -->
